<?xml version="1.0" encoding="UTF-8"?>
<!-- Generated by org.testng.reporters.JUnitReportReporter -->
<testsuite name="EPAM.RESTASSURED.NewTest" tests="7" time="3.794" ignored="0" failures="0" timestamp="02 Jun 2017 06:42:13 GMT" skipped="0" hostname="W7-PC0D5RNQ" errors="0">
  <testcase name="TC_1" time="1.162" classname="EPAM.RESTASSURED.NewTest"/>
  <testcase name="TC_5" time="0.468" classname="EPAM.RESTASSURED.NewTest"/>
  <testcase name="TC_6" time="0.618" classname="EPAM.RESTASSURED.NewTest"/>
  <testcase name="TC_7" time="0.254" classname="EPAM.RESTASSURED.NewTest"/>
  <testcase name="TC_3" time="0.669" classname="EPAM.RESTASSURED.NewTest"/>
  <testcase name="TC_2" time="0.305" classname="EPAM.RESTASSURED.NewTest"/>
  <testcase name="TC_4" time="0.318" classname="EPAM.RESTASSURED.NewTest"/>
</testsuite> <!-- EPAM.RESTASSURED.NewTest -->
