<?xml version="1.0" encoding="UTF-8"?>
<!-- Generated by org.testng.reporters.JUnitReportReporter -->
<testsuite name="EPAM.APITEST.FunctionalTests" tests="7" time="3.919" ignored="0" failures="0" timestamp="02 Jun 2017 06:47:36 GMT" skipped="0" hostname="W7-PC0D5RNQ" errors="0">
  <testcase name="TC_6" time="0.635" classname="EPAM.APITEST.FunctionalTests"/>
  <testcase name="TC_1" time="1.179" classname="EPAM.APITEST.FunctionalTests"/>
  <testcase name="TC_4" time="0.337" classname="EPAM.APITEST.FunctionalTests"/>
  <testcase name="TC_7" time="0.259" classname="EPAM.APITEST.FunctionalTests"/>
  <testcase name="TC_2" time="0.361" classname="EPAM.APITEST.FunctionalTests"/>
  <testcase name="TC_3" time="0.540" classname="EPAM.APITEST.FunctionalTests"/>
  <testcase name="TC_5" time="0.608" classname="EPAM.APITEST.FunctionalTests"/>
</testsuite> <!-- EPAM.APITEST.FunctionalTests -->
